0 info it worked if it ends with ok
1 verbose cli [ 'C:\\Program Files\\nodejs\\\\node.exe',
1 verbose cli   'C:\\Program Files\\nodejs\\node_modules\\npm\\bin\\npm-cli.js',
1 verbose cli   'publish' ]
2 info using npm@1.4.14
3 info using node@v0.10.29
4 verbose node symlink C:\Program Files\nodejs\\node.exe
5 verbose publish [ '.' ]
6 verbose cache add [ '.', null ]
7 verbose cache add name=undefined spec="." args=[".",null]
8 verbose parsed url { protocol: null,
8 verbose parsed url   slashes: null,
8 verbose parsed url   auth: null,
8 verbose parsed url   host: null,
8 verbose parsed url   port: null,
8 verbose parsed url   hostname: null,
8 verbose parsed url   hash: null,
8 verbose parsed url   search: null,
8 verbose parsed url   query: null,
8 verbose parsed url   pathname: '.',
8 verbose parsed url   path: '.',
8 verbose parsed url   href: '.' }
9 silly lockFile 3a52ce78- .
10 verbose lock . C:\Users\Shavauhn\AppData\Roaming\npm-cache\3a52ce78-.lock
11 verbose tar pack [ 'C:\\Users\\Shavauhn\\AppData\\Roaming\\npm-cache\\simple-open\\0.0.3\\package.tgz',
11 verbose tar pack   '.' ]
12 verbose tarball C:\Users\Shavauhn\AppData\Roaming\npm-cache\simple-open\0.0.3\package.tgz
13 verbose folder .
14 info prepublish simple-open@0.0.3
15 silly lockFile 1f1177db-tar tar://.
16 verbose lock tar://. C:\Users\Shavauhn\AppData\Roaming\npm-cache\1f1177db-tar.lock
17 silly lockFile d69e08fd-he-simple-open-0-0-3-package-tgz tar://C:\Users\Shavauhn\AppData\Roaming\npm-cache\simple-open\0.0.3\package.tgz
18 verbose lock tar://C:\Users\Shavauhn\AppData\Roaming\npm-cache\simple-open\0.0.3\package.tgz C:\Users\Shavauhn\AppData\Roaming\npm-cache\d69e08fd-he-simple-open-0-0-3-package-tgz.lock
19 silly lockFile 1f1177db-tar tar://.
20 silly lockFile 1f1177db-tar tar://.
21 silly lockFile d69e08fd-he-simple-open-0-0-3-package-tgz tar://C:\Users\Shavauhn\AppData\Roaming\npm-cache\simple-open\0.0.3\package.tgz
22 silly lockFile d69e08fd-he-simple-open-0-0-3-package-tgz tar://C:\Users\Shavauhn\AppData\Roaming\npm-cache\simple-open\0.0.3\package.tgz
23 silly lockFile 3b27ba16--cache-simple-open-0-0-3-package C:\Users\Shavauhn\AppData\Roaming\npm-cache\simple-open\0.0.3\package
24 verbose lock C:\Users\Shavauhn\AppData\Roaming\npm-cache\simple-open\0.0.3\package C:\Users\Shavauhn\AppData\Roaming\npm-cache\3b27ba16--cache-simple-open-0-0-3-package.lock
25 silly lockFile 3b27ba16--cache-simple-open-0-0-3-package C:\Users\Shavauhn\AppData\Roaming\npm-cache\simple-open\0.0.3\package
26 silly lockFile 3b27ba16--cache-simple-open-0-0-3-package C:\Users\Shavauhn\AppData\Roaming\npm-cache\simple-open\0.0.3\package
27 silly lockFile 3a52ce78- .
28 silly lockFile 3a52ce78- .
29 silly publish { name: 'simple-open',
29 silly publish   version: '0.0.3',
29 silly publish   description: 'This is an application to simply open other applications.',
29 silly publish   main: 'index.js',
29 silly publish   bin: { open: 'index.js' },
29 silly publish   scripts: { test: 'echo "Error: no test specified" && exit 1' },
29 silly publish   author: { name: 'Shavauhn Gabay' },
29 silly publish   license: 'MIT',
29 silly publish   dependencies:
29 silly publish    { commander: '^2.3.0',
29 silly publish      mkdirp: '^0.5.0',
29 silly publish      printf: '^0.2.0',
29 silly publish      'simple-platform': '0.0.1' },
29 silly publish   devDependencies: {},
29 silly publish   repository:
29 silly publish    { type: 'git',
29 silly publish      url: 'https://github.com/shavyg2/simple-open.git' },
29 silly publish   bugs: { url: 'https://github.com/shavyg2/simple-open/issues' },
29 silly publish   homepage: 'https://github.com/shavyg2/simple-open',
29 silly publish   gitHead: '1dbcabcd5cfb75c12ee90708102647ca48e90022',
29 silly publish   readme: 'ERROR: No README data found!',
29 silly publish   _id: 'simple-open@0.0.3',
29 silly publish   _shasum: '48f6f5d83365d6625993e29fd591010a631d3b14',
29 silly publish   _from: '.' }
30 verbose url raw simple-open
31 verbose url resolving [ 'https://registry.npmjs.org/', './simple-open' ]
32 verbose url resolved https://registry.npmjs.org/simple-open
33 info trying registry request attempt 1 at 12:21:01
34 http PUT https://registry.npmjs.org/simple-open
35 http 403 https://registry.npmjs.org/simple-open
36 verbose headers { date: 'Mon, 11 Aug 2014 16:20:59 GMT',
36 verbose headers   server: 'CouchDB/1.5.0 (Erlang OTP/R14B04)',
36 verbose headers   'content-type': 'application/json',
36 verbose headers   'cache-control': 'max-age=60',
36 verbose headers   'content-length': '2389',
36 verbose headers   'accept-ranges': 'bytes',
36 verbose headers   via: '1.1 varnish',
36 verbose headers   'x-served-by': 'cache-jfk1025-JFK',
36 verbose headers   'x-cache': 'MISS',
36 verbose headers   'x-cache-hits': '0',
36 verbose headers   'x-timer': 'S1407774058.977619,VS0,VE315',
36 verbose headers   'keep-alive': 'timeout=10, max=50',
36 verbose headers   connection: 'Keep-Alive' }
37 error publish Failed PUT 403
38 error Error: forbidden cannot modify pre-existing version: 0.0.3
38 error old={"name":"simple-open","version":"0.0.3","description":"This is an application to simply open other applications.","main":"index.js","bin":{"open":"index.js"},"scripts":{"test":"echo \"Error: no test specified\" && exit 1"},"author":{"name":"Shavauhn Gabay"},"license":"MIT","dependencies":{"commander":"^2.3.0","mkdirp":"^0.5.0","printf":"^0.2.0"},"devDependencies":{},"repository":{"type":"git","url":"https://github.com/shavyg2/simple-open.git"},"bugs":{"url":"https://github.com/shavyg2/simple-open/issues"},"homepage":"https://github.com/shavyg2/simple-open","gitHead":"1dbcabcd5cfb75c12ee90708102647ca48e90022","_id":"simple-open@0.0.3","_shasum":"c70b39f330fcf845fcc24033ea5418442bb36b1f","_from":".","_npmVersion":"1.4.14","_npmUser":{"name":"shavyg2","email":"shavyg2@gmail.com"},"maintainers":[{"name":"shavyg2","email":"shavyg2@gmail.com"}],"dist":{"shasum":"c70b39f330fcf845fcc24033ea5418442bb36b1f","tarball":"http://registry.npmjs.org/simple-open/-/simple-open-0.0.3.tgz"}}
38 error new={"name":"simple-open","version":"0.0.3","description":"This is an application to simply open other applications.","main":"index.js","bin":{"open":"index.js"},"scripts":{"test":"echo \"Error: no test specified\" && exit 1"},"author":{"name":"Shavauhn Gabay"},"license":"MIT","dependencies":{"commander":"^2.3.0","mkdirp":"^0.5.0","printf":"^0.2.0","simple-platform":"0.0.1"},"devDependencies":{},"repository":{"type":"git","url":"https://github.com/shavyg2/simple-open.git"},"bugs":{"url":"https://github.com/shavyg2/simple-open/issues"},"homepage":"https://github.com/shavyg2/simple-open","gitHead":"1dbcabcd5cfb75c12ee90708102647ca48e90022","readme":"ERROR: No README data found!","_id":"simple-open@0.0.3","_shasum":"48f6f5d83365d6625993e29fd591010a631d3b14","_from":".","_npmVersion":"1.4.14","_npmUser":{"name":"shavyg2","email":"shavyg2@gmail.com"},"maintainers":[{"name":"shavyg2","email":"shavyg2@gmail.com"}],"dist":{"shasum":"48f6f5d83365d6625993e29fd591010a631d3b14","tarball":"http://registry.npmjs.org/simple-open/-/simple-open-0.0.3.tgz"}}: simple-open
38 error     at RegClient.<anonymous> (C:\Program Files\nodejs\node_modules\npm\node_modules\npm-registry-client\lib\request.js:274:14)
38 error     at Request._callback (C:\Program Files\nodejs\node_modules\npm\node_modules\npm-registry-client\lib\request.js:212:65)
38 error     at Request.self.callback (C:\Program Files\nodejs\node_modules\npm\node_modules\request\request.js:123:22)
38 error     at Request.emit (events.js:98:17)
38 error     at Request.<anonymous> (C:\Program Files\nodejs\node_modules\npm\node_modules\request\request.js:893:14)
38 error     at Request.emit (events.js:117:20)
38 error     at IncomingMessage.<anonymous> (C:\Program Files\nodejs\node_modules\npm\node_modules\request\request.js:844:12)
38 error     at IncomingMessage.emit (events.js:117:20)
38 error     at _stream_readable.js:929:16
38 error     at process._tickCallback (node.js:419:13)
39 error If you need help, you may report this *entire* log,
39 error including the npm and node versions, at:
39 error     <http://github.com/npm/npm/issues>
40 error System Windows_NT 6.2.9200
41 error command "C:\\Program Files\\nodejs\\\\node.exe" "C:\\Program Files\\nodejs\\node_modules\\npm\\bin\\npm-cli.js" "publish"
42 error cwd C:\Users\Shavauhn\projects\quick
43 error node -v v0.10.29
44 error npm -v 1.4.14
45 verbose exit [ 1, true ]
